<?xml version="1.0" encoding="UTF-8"?>
<!-- Generated by org.testng.reporters.JUnitReportReporter -->
<testsuite hostname="DESKTOP-I76VGOJ" name="runner.RunCuke" tests="1" failures="0" timestamp="6 May 2020 13:12:59 GMT" time="33.471" errors="0">
  <testcase name="feature" time="33.471" classname="runner.RunCuke"/>
</testsuite> <!-- runner.RunCuke -->
